<?xml version="1.0" encoding="UTF-8"?>
<!-- Generated by org.testng.reporters.JUnitReportReporter -->
<testsuite hostname="LAPTOP-P7IQEAJU" failures="0" tests="1" name="TestScript.Sample1" time="9.289" errors="0" timestamp="2025-04-19T15:19:02 IST" skipped="0">
  <testcase classname="TestScript.Sample1" name="sampleTest" time="9.289"/>
</testsuite> <!-- TestScript.Sample1 -->
